2025-08-22 08:06:07,132 - train_model_with_feature_store - INFO - --- Starting Model Training Script ---
2025-08-22 08:06:07,132 - train_model_with_feature_store - INFO - MLflow tracking URI set to: file:///d:/Prasanna/Learning/M.TECH%20BITS/vscode/MS-Portfolio/DMML/Customer_churn_analysis/mlruns
2025-08-22 08:06:07,380 - train_model_with_feature_store - INFO - --- Preparing data for modeling ---
2025-08-22 08:06:07,381 - train_model_with_feature_store - INFO - Training set size: 800 samples
2025-08-22 08:06:07,395 - train_model_with_feature_store - INFO - Test set size: 200 samples
2025-08-22 08:06:07,396 - train_model_with_feature_store - INFO - --- Starting Model Experimentation with MLflow ---
2025-08-22 08:06:08,756 - train_model_with_feature_store - INFO - --- Tuning and logging model: LogisticRegression ---
2025-08-22 08:06:16,808 - train_model_with_feature_store - INFO - Best CV F1-score for LogisticRegression: 0.5831
2025-08-22 08:06:16,850 - train_model_with_feature_store - INFO - Metrics for best LogisticRegression on test set: {'accuracy': 0.745, 'precision': 0.5064935064935064, 'recall': 0.75, 'f1_score': 0.6046511627906976}
2025-08-22 08:06:17,869 - train_model_with_feature_store - INFO - Found existing registered model: 'LogisticRegression'. Comparing F1 scores.
2025-08-22 08:06:18,205 - train_model_with_feature_store - INFO - New model F1 score: 0.6047. Best existing F1 score: 0.6107
2025-08-22 08:06:18,205 - train_model_with_feature_store - INFO - New model is not an improvement. Not registering new version.
2025-08-22 08:06:33,755 - train_model_with_feature_store - INFO - Model 'LogisticRegression' logged as an artifact. Registered: False
2025-08-22 08:06:33,818 - train_model_with_feature_store - INFO - --- Tuning and logging model: RandomForest ---
2025-08-22 08:06:38,662 - train_model_with_feature_store - INFO - Best CV F1-score for RandomForest: 0.4603
2025-08-22 08:06:38,707 - train_model_with_feature_store - INFO - Metrics for best RandomForest on test set: {'accuracy': 0.71, 'precision': 0.44642857142857145, 'recall': 0.4807692307692308, 'f1_score': 0.46296296296296297}
2025-08-22 08:06:38,784 - train_model_with_feature_store - INFO - Found existing registered model: 'RandomForest'. Comparing F1 scores.
2025-08-22 08:06:39,038 - train_model_with_feature_store - INFO - New model F1 score: 0.4630. Best existing F1 score: 0.5124
2025-08-22 08:06:39,039 - train_model_with_feature_store - INFO - New model is not an improvement. Not registering new version.
2025-08-22 08:06:44,491 - train_model_with_feature_store - INFO - Model 'RandomForest' logged as an artifact. Registered: False
2025-08-22 08:06:44,553 - train_model_with_feature_store - INFO - --- Tuning and logging model: XGBoost ---
2025-08-22 08:06:46,026 - train_model_with_feature_store - INFO - Best CV F1-score for XGBoost: 0.4480
2025-08-22 08:06:46,110 - train_model_with_feature_store - INFO - Metrics for best XGBoost on test set: {'accuracy': 0.705, 'precision': 0.4186046511627907, 'recall': 0.34615384615384615, 'f1_score': 0.37894736842105264}
2025-08-22 08:06:46,193 - train_model_with_feature_store - INFO - Found existing registered model: 'XGBoost'. Comparing F1 scores.
2025-08-22 08:06:46,343 - train_model_with_feature_store - INFO - New model F1 score: 0.3789. Best existing F1 score: 0.3678
2025-08-22 08:06:51,951 - train_model_with_feature_store - INFO - Model 'XGBoost' logged as an artifact. Registered: True
2025-08-22 08:06:51,957 - train_model_with_feature_store - INFO - --- Model experimentation finished. ---
2025-08-22 08:06:51,959 - train_model_with_feature_store - INFO - To view the results, run 'mlflow ui' in your terminal from the project root.
2025-08-22 08:06:51,961 - train_model_with_feature_store - INFO - --- Model Training Script Finished Successfully ---
